[ 2015-12-23T17:44:46+08:00 ] 127.0.0.1 /weixin.php/ResourceManager/tempResourceCreate
INFO: [ app_init ] --START--
INFO: Run Behavior\BuildLiteBehavior [ RunTime:0.000000s ]
INFO: [ app_init ] --END-- [ RunTime:0.047003s ]
INFO: [ app_begin ] --START--
INFO: Run Behavior\ReadHtmlCacheBehavior [ RunTime:0.021001s ]
INFO: [ app_begin ] --END-- [ RunTime:0.021001s ]

[ 2015-12-23T17:44:59+08:00 ] 127.0.0.1 /weixin.php/ResourceManager/permanentResourceCreate
INFO: [ app_init ] --START--
INFO: Run Behavior\BuildLiteBehavior [ RunTime:0.000000s ]
INFO: [ app_init ] --END-- [ RunTime:0.001000s ]
INFO: [ app_begin ] --START--
INFO: Run Behavior\ReadHtmlCacheBehavior [ RunTime:0.001000s ]
INFO: [ app_begin ] --END-- [ RunTime:0.001000s ]

[ 2015-12-23T17:45:17+08:00 ] 127.0.0.1 /weixin.php/ResourceManager/permanentResourceCreate
INFO: [ app_init ] --START--
INFO: Run Behavior\BuildLiteBehavior [ RunTime:0.000000s ]
INFO: [ app_init ] --END-- [ RunTime:0.000000s ]
INFO: [ app_begin ] --START--
INFO: Run Behavior\ReadHtmlCacheBehavior [ RunTime:0.001000s ]
INFO: [ app_begin ] --END-- [ RunTime:0.001000s ]
SQL: SHOW COLUMNS FROM `w_weixin_log` [ RunTime:0.0330s ]
SQL: SHOW COLUMNS FROM `w_weixin_response` [ RunTime:0.0330s ]
SQL: SHOW COLUMNS FROM `w_weixin_resource_manager` [ RunTime:0.0330s ]

[ 2015-12-23T17:46:16+08:00 ] 127.0.0.1 /weixin.php/ResourceManager/permanentResourceCreate
INFO: [ app_init ] --START--
INFO: Run Behavior\BuildLiteBehavior [ RunTime:0.000000s ]
INFO: [ app_init ] --END-- [ RunTime:0.001000s ]
INFO: [ app_begin ] --START--
INFO: Run Behavior\ReadHtmlCacheBehavior [ RunTime:0.001000s ]
INFO: [ app_begin ] --END-- [ RunTime:0.001000s ]
SQL: SHOW COLUMNS FROM `w_weixin_log` [ RunTime:0.0370s ]
SQL: SHOW COLUMNS FROM `w_weixin_response` [ RunTime:0.0370s ]
SQL: SHOW COLUMNS FROM `w_weixin_resource_manager` [ RunTime:0.0360s ]

